#
# There is insufficient memory for the Java Runtime Environment to continue.
# Native memory allocation (mmap) failed to map 132120576 bytes for G1 virtual space
# Possible reasons:
#   The system is out of physical RAM or swap space
#   The process is running with CompressedOops enabled, and the Java Heap may be blocking the growth of the native heap
# Possible solutions:
#   Reduce memory load on the system
#   Increase physical memory or swap space
#   Check if swap backing store is full
#   Decrease Java heap size (-Xmx/-Xms)
#   Decrease number of Java threads
#   Decrease Java thread stack sizes (-Xss)
#   Set larger code cache with -XX:ReservedCodeCacheSize=
#   JVM is running with Unscaled Compressed Oops mode in which the Java heap is
#     placed in the first 4GB address space. The Java Heap base address is the
#     maximum limit for the native heap growth. Please use -XX:HeapBaseMinAddress
#     to set the Java Heap base and to place the Java Heap above 4GB virtual address.
# This output file may be truncated or incomplete.
#
#  Out of Memory Error (os_windows.cpp:3530), pid=15168, tid=1576
#
# JRE version:  (18.0.1.1+2) (build )
# Java VM: Java HotSpot(TM) 64-Bit Server VM (18.0.1.1+2-6, mixed mode, sharing, tiered, compressed oops, compressed class ptrs, g1 gc, windows-amd64)
# No core dump will be written. Minidumps are not enabled by default on client versions of Windows
#

---------------  S U M M A R Y ------------

Command Line: -Dfile.encoding=UTF-8 --module-path=D:\EclipseWS\Challenge\bin;D:\EclipseWS\Challenge\src\hsqldb.jar -XX:+ShowCodeDetailsInExceptionMessages -Djdk.module.main=Challenge Challenge/guiet.ExpenseTrackerGUI

Host: Intel(R) Core(TM) i5-10300H CPU @ 2.50GHz, 8 cores, 7G,  Windows 10 , 64 bit Build 19041 (10.0.19041.2546)
Time: Sat Mar  4 20:40:02 2023 Romance Standard Time elapsed time: 0.013307 seconds (0d 0h 0m 0s)

---------------  T H R E A D  ---------------

Current thread (0x000002ccb19d0480):  JavaThread "Unknown thread" [_thread_in_vm, id=1576, stack(0x000000ffed200000,0x000000ffed300000)]

Stack: [0x000000ffed200000,0x000000ffed300000]
Native frames: (J=compiled Java code, j=interpreted, Vv=VM code, C=native code)
V  [jvm.dll+0x69887a]
V  [jvm.dll+0x7f38bd]
V  [jvm.dll+0x7f51ce]
V  [jvm.dll+0x7f5883]
V  [jvm.dll+0x25ca3f]
V  [jvm.dll+0x6957c9]
V  [jvm.dll+0x68a2fa]
V  [jvm.dll+0x321efb]
V  [jvm.dll+0x3298d6]
V  [jvm.dll+0x37e47e]
V  [jvm.dll+0x37e6af]
V  [jvm.dll+0x2f9c7a]
V  [jvm.dll+0x2facdd]
V  [jvm.dll+0x7c24f0]
V  [jvm.dll+0x38b801]
V  [jvm.dll+0x7a1203]
V  [jvm.dll+0x40d6bf]
V  [jvm.dll+0x40f091]
C  [jli.dll+0x526b]
C  [ucrtbase.dll+0x21bb2]
C  [KERNEL32.DLL+0x17614]
C  [ntdll.dll+0x526a1]


---------------  P R O C E S S  ---------------

Threads class SMR info:
_java_thread_list=0x00007ffb4fcdd550, length=0, elements={
}

Java Threads: ( => current thread )

Other Threads:
  0x000002ccb1a30430 WorkerThread "GC Thread#0" [stack: 0x000000ffed300000,0x000000ffed400000] [id=6880]
  0x000002ccb1a40e20 ConcurrentGCThread "G1 Main Marker" [stack: 0x000000ffed400000,0x000000ffed500000] [id=24380]
  0x000002ccb1a41fb0 WorkerThread "G1 Conc#0" [stack: 0x000000ffed500000,0x000000ffed600000] [id=26388]

[error occurred during error reporting (printing all threads), id 0xc0000005, EXCEPTION_ACCESS_VIOLATION (0xc0000005) at pc=0x00007ffb4f50a217]

VM state: not at safepoint (not fully initialized)

VM Mutex/Monitor currently owned by a thread:  ([mutex/lock_event])
[0x000002ccb19cad20] Heap_lock - owner thread: 0x000002ccb19d0480

Heap address: 0x0000000082a00000, size: 2006 MB, Compressed Oops mode: 32-bit

CDS archive(s) mapped at: [0x0000000000000000-0x0000000000000000-0x0000000000000000), size 0, SharedBaseAddress: 0x0000000800000000, ArchiveRelocationMode: 0.
Narrow klass base: 0x0000000000000000, Narrow klass shift: 0, Narrow klass range: 0x0

GC Precious Log:
 CardTable entry size: 512
 Card Set container configuration: InlinePtr #cards 5 size 8 Array Of Cards #cards 12 size 40 Howl #buckets 4 coarsen threshold 1843 Howl Bitmap #cards 512 size 80 coarsen threshold 460 Card regions per heap region 1 cards per card region 2048

Heap:
 garbage-first heap   total 0K, used 0K [0x0000000082a00000, 0x0000000100000000)
  region size 1024K, 0 young (0K), 0 survivors (0K)

[error occurred during error reporting (printing heap information), id 0xc0000005, EXCEPTION_ACCESS_VIOLATION (0xc0000005) at pc=0x00007ffb4f8f0cb9]

GC Heap History (0 events):
No events

Deoptimization events (0 events):
No events

Classes loaded (0 events):
No events

Classes unloaded (0 events):
No events

Classes redefined (0 events):
No events

Internal exceptions (0 events):
No events

VM Operations (0 events):
No events

Events (1 events):
Event: 0.008 Loaded shared library D:\JDK\bin\java.dll


Dynamic libraries:
0x00007ff7db840000 - 0x00007ff7db850000 	D:\JDK\bin\javaw.exe
0x00007ffbad970000 - 0x00007ffbadb68000 	C:\WINDOWS\SYSTEM32\ntdll.dll
0x00007ffbad580000 - 0x00007ffbad63f000 	C:\WINDOWS\System32\KERNEL32.DLL
0x00007ffbab550000 - 0x00007ffbab822000 	C:\WINDOWS\System32\KERNELBASE.dll
0x00007ffbab450000 - 0x00007ffbab550000 	C:\WINDOWS\System32\ucrtbase.dll
0x00007ffb8a990000 - 0x00007ffb8a9a8000 	D:\JDK\bin\jli.dll
0x00007ffb84910000 - 0x00007ffb8492a000 	D:\JDK\bin\VCRUNTIME140.dll
0x00007ffbacba0000 - 0x00007ffbacc4e000 	C:\WINDOWS\System32\ADVAPI32.dll
0x00007ffbad350000 - 0x00007ffbad3ee000 	C:\WINDOWS\System32\msvcrt.dll
0x00007ffbac660000 - 0x00007ffbac6fc000 	C:\WINDOWS\System32\sechost.dll
0x00007ffbac9a0000 - 0x00007ffbacac5000 	C:\WINDOWS\System32\RPCRT4.dll
0x00007ffbad0c0000 - 0x00007ffbad261000 	C:\WINDOWS\System32\USER32.dll
0x00007ffbab980000 - 0x00007ffbab9a2000 	C:\WINDOWS\System32\win32u.dll
0x00007ffbad270000 - 0x00007ffbad29b000 	C:\WINDOWS\System32\GDI32.dll
0x00007ffb85dc0000 - 0x00007ffb8605a000 	C:\WINDOWS\WinSxS\amd64_microsoft.windows.common-controls_6595b64144ccf1df_6.0.19041.1110_none_60b5254171f9507e\COMCTL32.dll
0x00007ffbab260000 - 0x00007ffbab36f000 	C:\WINDOWS\System32\gdi32full.dll
0x00007ffbab060000 - 0x00007ffbab0fd000 	C:\WINDOWS\System32\msvcp_win.dll
0x00007ffba4a10000 - 0x00007ffba4a1a000 	C:\WINDOWS\SYSTEM32\VERSION.dll
0x00007ffbabd80000 - 0x00007ffbabdb2000 	C:\WINDOWS\System32\IMM32.DLL
0x00007ffba62a0000 - 0x00007ffba62ac000 	D:\JDK\bin\vcruntime140_1.dll
0x00007ffb80020000 - 0x00007ffb800ad000 	D:\JDK\bin\msvcp140.dll
0x00007ffb4f200000 - 0x00007ffb4fe10000 	D:\JDK\bin\server\jvm.dll
0x00007ffbabd10000 - 0x00007ffbabd18000 	C:\WINDOWS\System32\PSAPI.DLL
0x00007ffb92b30000 - 0x00007ffb92b39000 	C:\WINDOWS\SYSTEM32\WSOCK32.dll
0x00007ffbad7d0000 - 0x00007ffbad83b000 	C:\WINDOWS\System32\WS2_32.dll
0x00007ffb88b20000 - 0x00007ffb88b47000 	C:\WINDOWS\SYSTEM32\WINMM.dll
0x00007ffba98b0000 - 0x00007ffba98c2000 	C:\WINDOWS\SYSTEM32\kernel.appcore.dll
0x00007ffba9030000 - 0x00007ffba903a000 	D:\JDK\bin\jimage.dll
0x00007ffba8e20000 - 0x00007ffba9004000 	C:\WINDOWS\SYSTEM32\DBGHELP.DLL
0x00007ffba0e40000 - 0x00007ffba0e75000 	C:\WINDOWS\SYSTEM32\dbgcore.DLL
0x00007ffbab3c0000 - 0x00007ffbab442000 	C:\WINDOWS\System32\bcryptPrimitives.dll
0x00007ffb8d5f0000 - 0x00007ffb8d615000 	D:\JDK\bin\java.dll

dbghelp: loaded successfully - version: 4.0.5 - missing functions: none
symbol engine: initialized successfully - sym options: 0x614 - pdb path: .;D:\JDK\bin;C:\WINDOWS\SYSTEM32;C:\WINDOWS\WinSxS\amd64_microsoft.windows.common-controls_6595b64144ccf1df_6.0.19041.1110_none_60b5254171f9507e;D:\JDK\bin\server

VM Arguments:
jvm_args: -Dfile.encoding=UTF-8 --module-path=D:\EclipseWS\Challenge\bin;D:\EclipseWS\Challenge\src\hsqldb.jar -XX:+ShowCodeDetailsInExceptionMessages -Djdk.module.main=Challenge 
java_command: Challenge/guiet.ExpenseTrackerGUI
java_class_path (initial): <not set>
Launcher Type: SUN_STANDARD

[Global flags]
     intx CICompilerCount                          = 4                                         {product} {ergonomic}
     uint ConcGCThreads                            = 2                                         {product} {ergonomic}
     uint G1ConcRefinementThreads                  = 8                                         {product} {ergonomic}
   size_t G1HeapRegionSize                         = 1048576                                   {product} {ergonomic}
    uintx GCDrainStackTargetSize                   = 64                                        {product} {ergonomic}
   size_t InitialHeapSize                          = 132120576                                 {product} {ergonomic}
   size_t MarkStackSize                            = 4194304                                   {product} {ergonomic}
   size_t MaxHeapSize                              = 2103443456                                {product} {ergonomic}
   size_t MinHeapDeltaBytes                        = 1048576                                   {product} {ergonomic}
   size_t MinHeapSize                              = 8388608                                   {product} {ergonomic}
    uintx NonNMethodCodeHeapSize                   = 5839372                                {pd product} {ergonomic}
    uintx NonProfiledCodeHeapSize                  = 122909434                              {pd product} {ergonomic}
    uintx ProfiledCodeHeapSize                     = 122909434                              {pd product} {ergonomic}
    uintx ReservedCodeCacheSize                    = 251658240                              {pd product} {ergonomic}
     bool SegmentedCodeCache                       = true                                      {product} {ergonomic}
     bool ShowCodeDetailsInExceptionMessages       = true                                   {manageable} {command line}
   size_t SoftMaxHeapSize                          = 2103443456                             {manageable} {ergonomic}
     bool UseCompressedClassPointers               = true                           {product lp64_product} {ergonomic}
     bool UseCompressedOops                        = true                           {product lp64_product} {ergonomic}
     bool UseG1GC                                  = true                                      {product} {ergonomic}
     bool UseLargePagesIndividualAllocation        = false                                  {pd product} {ergonomic}

Logging:
Log output configuration:
 #0: stdout all=warning uptime,level,tags foldmultilines=false
 #1: stderr all=off uptime,level,tags foldmultilines=false

Environment Variables:
PATH=D:/JDK/bin/server;D:/JDK/bin;D:\Oracle\dbhomeXE\bin;D:\app\Blue\product\21c\dbhomeXE\bin;C:\Program Files\Common Files\Oracle\Java\javapath;C:\WINDOWS\system32;C:\WINDOWS;C:\WINDOWS\System32\Wbem;C:\WINDOWS\System32\WindowsPowerShell\v1.0\;C:\WINDOWS\System32\OpenSSH\;C:\Program Files\Microsoft SQL Server\150\Tools\Binn\;C:\Program Files\dotnet\;D:\nodejs\;C:\Program Files (x86)\NVIDIA Corporation\PhysX\Common;C:\Program Files\NVIDIA Corporation\NVIDIA NvDLISR;D:\Git\cmd;C:\Users\Blue\anaconda3;C:\Users\Blue\anaconda3\Library\mingw-w64\bin;C:\Users\Blue\anaconda3\Library\usr\bin;C:\Users\Blue\anaconda3\Library\bin;C:\Users\Blue\anaconda3\Scripts;C:\Users\Blue\AppData\Local\Microsoft\WindowsApps;C:\Users\Blue\.dotnet\tools;C:\Users\Blue\AppData\Roaming\npm;C:\Users\Blue\ffmpeg-git-full\ffmpeg-2022-09-22-git-af919cf780-full_build\bin;D:\CodeBlocks\MinGW\bin;;D:\IntelliJ IDEA Community Edition 2022.3.2\bin;;D:\Users\Blue\eclipse\jee-2022-12\eclipse;
USERNAME=Blue
OS=Windows_NT
PROCESSOR_IDENTIFIER=Intel64 Family 6 Model 165 Stepping 2, GenuineIntel



---------------  S Y S T E M  ---------------

OS:
 Windows 10 , 64 bit Build 19041 (10.0.19041.2546)
OS uptime: 9 days 22:05 hours

CPU: total 8 (initial active 8) (4 cores per cpu, 2 threads per core) family 6 model 165 stepping 2 microcode 0xe2, cx8, cmov, fxsr, ht, mmx, 3dnowpref, sse, sse2, sse3, ssse3, sse4.1, sse4.2, popcnt, lzcnt, tsc, tscinvbit, avx, avx2, aes, erms, clmul, bmi1, bmi2, adx, fma, vzeroupper, clflush, clflushopt

Memory: 4k page, system-wide physical 8023M (656M free)
TotalPageFile size 22576M (AvailPageFile size 129M)
current process WorkingSet (physical memory assigned to process): 10M, peak: 10M
current process commit charge ("private bytes"): 60M, peak: 186M

vm_info: Java HotSpot(TM) 64-Bit Server VM (18.0.1.1+2-6) for windows-amd64 JRE (18.0.1.1+2-6), built on Apr 25 2022 21:53:15 by "mach5one" with MS VC++ 16.8 / 16.9 (VS2019)

END.
